<?xml version="1.0" encoding="UTF-8"?>
<testng-results ignored="0" total="2" passed="2" failed="0" skipped="0">
  <reporter-output>
  </reporter-output>
  <suite started-at="2025-03-20T00:37:05 IST" name="Default suite" finished-at="2025-03-20T00:39:46 IST" duration-ms="161459">
    <groups>
      <group name="cucumber">
        <method signature="AbstractTestNGCucumberTests.runScenario(io.cucumber.testng.PickleWrapper,io.cucumber.testng.FeatureWrapper)[pri:0, instance:runner.TestRunner@192d43ce]" name="runScenario" class="io.cucumber.testng.AbstractTestNGCucumberTests"/>
      </group> <!-- cucumber -->
    </groups>
    <test started-at="2025-03-20T00:37:05 IST" name="Default test" finished-at="2025-03-20T00:39:46 IST" duration-ms="161459">
      <class name="runner.TestRunner">
        <test-method is-config="true" signature="setUpClass(org.testng.ITestContext)[pri:0, instance:runner.TestRunner@192d43ce]" started-at="2025-03-20T00:37:05 IST" name="setUpClass" finished-at="2025-03-20T00:37:05 IST" duration-ms="118" status="PASS">
          <params>
            <param index="0">
              <value>
                <![CDATA[org.testng.TestRunner@3e48d38]]>
              </value>
            </param>
          </params>
          <reporter-output>
          </reporter-output>
        </test-method> <!-- setUpClass -->
        <test-method signature="runScenario(io.cucumber.testng.PickleWrapper,io.cucumber.testng.FeatureWrapper)[pri:0, instance:runner.TestRunner@192d43ce]" started-at="2025-03-20T00:37:05 IST" name="runScenario" description="Runs Cucumber Scenarios" data-provider="scenarios" finished-at="2025-03-20T00:38:05 IST" duration-ms="60285" status="PASS">
          <params>
            <param index="0">
              <value>
                <![CDATA["logout user"]]>
              </value>
            </param>
            <param index="1">
              <value>
                <![CDATA["Register User"]]>
              </value>
            </param>
          </params>
          <reporter-output>
          </reporter-output>
        </test-method> <!-- runScenario -->
        <test-method signature="runScenario(io.cucumber.testng.PickleWrapper,io.cucumber.testng.FeatureWrapper)[pri:0, instance:runner.TestRunner@192d43ce]" started-at="2025-03-20T00:38:05 IST" name="runScenario" description="Runs Cucumber Scenarios" data-provider="scenarios" finished-at="2025-03-20T00:39:46 IST" duration-ms="100924" status="PASS">
          <params>
            <param index="0">
              <value>
                <![CDATA["Search Products and Verify Cart After Login"]]>
              </value>
            </param>
            <param index="1">
              <value>
                <![CDATA["Cart functionality"]]>
              </value>
            </param>
          </params>
          <reporter-output>
          </reporter-output>
        </test-method> <!-- runScenario -->
        <test-method is-config="true" signature="tearDownClass()[pri:0, instance:runner.TestRunner@192d43ce]" started-at="2025-03-20T00:39:46 IST" name="tearDownClass" finished-at="2025-03-20T00:39:46 IST" duration-ms="114" status="PASS">
          <reporter-output>
          </reporter-output>
        </test-method> <!-- tearDownClass -->
      </class> <!-- runner.TestRunner -->
    </test> <!-- Default test -->
  </suite> <!-- Default suite -->
</testng-results>
